
Nov 22, 2022 15:38:49.212 NEW SESSION
Nov 22, 2022 15:38:49.212 [9564:684:1122/153849.208:ERROR:device_event_log_impl.cc(215)] [15:38:49.207] USB: usb_device_handle_win.cc:1048 Failed to read descriptor from node connection: A device attached to the system is not functioning. (0x1F)
Nov 22, 2022 15:38:49.212 [9564:684:1122/153849.210:ERROR:device_event_log_impl.cc(215)] [15:38:49.210] USB: usb_device_handle_win.cc:1048 Failed to read descriptor from node connection: A device attached to the system is not functioning. (0x1F)
Nov 22, 2022 15:39:46.472 [9564:11344:1122/153946.471:ERROR:util.cc(129)] Can't create base directory: C:\Program Files\Google\GoogleUpdater
Nov 22, 2022 16:05:18.904 [2928:17828:1122/160518.903:ERROR:device_event_log_impl.cc(215)] [16:05:18.903] USB: usb_device_handle_win.cc:1048 Failed to read descriptor from node connection: A device attached to the system is not functioning. (0x1F)
Nov 22, 2022 16:05:18.906 [2928:17828:1122/160518.905:ERROR:device_event_log_impl.cc(215)] [16:05:18.905] USB: usb_device_handle_win.cc:1048 Failed to read descriptor from node connection: A device attached to the system is not functioning. (0x1F)
Nov 22, 2022 16:06:16.443 [2928:4056:1122/160616.442:ERROR:util.cc(129)] Can't create base directory: C:\Program Files\Google\GoogleUpdater

Nov 23, 2022 14:47:57.352 NEW SESSION
Nov 23, 2022 14:47:57.354 [16424:920:1123/144757.343:ERROR:device_event_log_impl.cc(215)] [14:47:57.343] USB: usb_device_handle_win.cc:1048 Failed to read descriptor from node connection: A device attached to the system is not functioning. (0x1F)
Nov 23, 2022 14:47:57.449 [16424:920:1123/144757.346:ERROR:device_event_log_impl.cc(215)] [14:47:57.347] USB: usb_device_handle_win.cc:1048 Failed to read descriptor from node connection: A device attached to the system is not functioning. (0x1F)
Nov 23, 2022 14:48:54.221 [16424:19520:1123/144854.221:ERROR:util.cc(129)] Can't create base directory: C:\Program Files\Google\GoogleUpdater

Nov 24, 2022 13:58:04.992 NEW SESSION
Nov 24, 2022 13:58:04.993 [1388:25228:1124/135804.980:ERROR:device_event_log_impl.cc(215)] [13:58:04.979] USB: usb_device_handle_win.cc:1048 Failed to read descriptor from node connection: A device attached to the system is not functioning. (0x1F)
Nov 24, 2022 13:58:05.07 [1388:25228:1124/135804.982:ERROR:device_event_log_impl.cc(215)] [13:58:04.982] USB: usb_device_handle_win.cc:1048 Failed to read descriptor from node connection: A device attached to the system is not functioning. (0x1F)
Nov 24, 2022 13:59:02.315 [1388:12664:1124/135902.315:ERROR:util.cc(129)] Can't create base directory: C:\Program Files\Google\GoogleUpdater
Nov 24, 2022 15:28:07.933 [22204:18188:1124/152807.933:ERROR:device_event_log_impl.cc(215)] [15:28:07.933] USB: usb_device_handle_win.cc:1048 Failed to read descriptor from node connection: A device attached to the system is not functioning. (0x1F)
Nov 24, 2022 15:28:07.942 [22204:18188:1124/152807.935:ERROR:device_event_log_impl.cc(215)] [15:28:07.935] USB: usb_device_handle_win.cc:1048 Failed to read descriptor from node connection: A device attached to the system is not functioning. (0x1F)
Nov 24, 2022 15:29:05.192 [22204:20348:1124/152905.192:ERROR:util.cc(129)] Can't create base directory: C:\Program Files\Google\GoogleUpdater
Nov 24, 2022 17:10:21.673 [22204:14324:1124/171021.672:ERROR:connection_factory_impl.cc(426)] Failed to connect to MCS endpoint with error -105

Nov 24, 2022 20:28:33.789 NEW SESSION
Nov 24, 2022 20:28:33.789 [22376:16804:1124/202833.785:ERROR:device_event_log_impl.cc(215)] [20:28:33.785] USB: usb_device_handle_win.cc:1048 Failed to read descriptor from node connection: A device attached to the system is not functioning. (0x1F)
Nov 24, 2022 20:28:33.798 [22376:16804:1124/202833.788:ERROR:device_event_log_impl.cc(215)] [20:28:33.787] USB: usb_device_handle_win.cc:1048 Failed to read descriptor from node connection: A device attached to the system is not functioning. (0x1F)
Nov 24, 2022 20:29:31.279 [22376:3944:1124/202931.278:ERROR:util.cc(129)] Can't create base directory: C:\Program Files\Google\GoogleUpdater
Nov 24, 2022 21:46:07.97 [1756:9880:1124/214607.096:ERROR:device_event_log_impl.cc(215)] [21:46:07.097] USB: usb_device_handle_win.cc:1048 Failed to read descriptor from node connection: A device attached to the system is not functioning. (0x1F)
Nov 24, 2022 21:46:07.193 [1756:9880:1124/214607.099:ERROR:device_event_log_impl.cc(215)] [21:46:07.100] USB: usb_device_handle_win.cc:1048 Failed to read descriptor from node connection: A device attached to the system is not functioning. (0x1F)
Nov 24, 2022 21:47:04.487 [1756:25424:1124/214704.487:ERROR:util.cc(129)] Can't create base directory: C:\Program Files\Google\GoogleUpdater
Nov 24, 2022 21:48:14.751 [1756:9880:1124/214814.751:ERROR:device_event_log_impl.cc(215)] [21:48:14.751] USB: usb_service_win.cc:104 SetupDiGetDeviceProperty({{A45C254E-DF1C-4EFD-8020-67D146A850E0}, 6}) failed: Element not found. (0x490)

Nov 25, 2022 15:03:37.555 NEW SESSION
Nov 25, 2022 15:03:37.555 [13272:8292:1125/150337.552:ERROR:device_event_log_impl.cc(215)] [15:03:37.552] USB: usb_device_handle_win.cc:1048 Failed to read descriptor from node connection: A device attached to the system is not functioning. (0x1F)
Nov 25, 2022 15:03:37.566 [13272:8292:1125/150337.554:ERROR:device_event_log_impl.cc(215)] [15:03:37.554] USB: usb_device_handle_win.cc:1048 Failed to read descriptor from node connection: A device attached to the system is not functioning. (0x1F)
Nov 25, 2022 15:04:34.688 [13272:13196:1125/150434.688:ERROR:util.cc(129)] Can't create base directory: C:\Program Files\Google\GoogleUpdater
Nov 25, 2022 16:22:41.879 [10576:24092:1125/162241.878:ERROR:device_event_log_impl.cc(215)] [16:22:41.879] USB: usb_device_handle_win.cc:1048 Failed to read descriptor from node connection: A device attached to the system is not functioning. (0x1F)
Nov 25, 2022 16:22:41.908 [10576:24092:1125/162241.883:ERROR:device_event_log_impl.cc(215)] [16:22:41.883] USB: usb_device_handle_win.cc:1048 Failed to read descriptor from node connection: A device attached to the system is not functioning. (0x1F)
Nov 25, 2022 16:23:39.453 [10576:1260:1125/162339.453:ERROR:util.cc(129)] Can't create base directory: C:\Program Files\Google\GoogleUpdater
Nov 25, 2022 18:25:00.557 [10576:4848:1125/182500.556:ERROR:connection_factory_impl.cc(426)] Failed to connect to MCS endpoint with error -106
Nov 25, 2022 19:17:55.492 [10576:4848:1125/191755.491:ERROR:connection_factory_impl.cc(426)] Failed to connect to MCS endpoint with error -106
Nov 25, 2022 19:18:21.199 [10576:4848:1125/191821.199:ERROR:connection_factory_impl.cc(426)] Failed to connect to MCS endpoint with error -106
Nov 25, 2022 19:19:15.741 [10576:4848:1125/191915.740:ERROR:connection_factory_impl.cc(426)] Failed to connect to MCS endpoint with error -106
Nov 25, 2022 19:20:39.779 [10576:4848:1125/192039.779:ERROR:connection_factory_impl.cc(426)] Failed to connect to MCS endpoint with error -106
Nov 25, 2022 19:23:36.933 [10576:4848:1125/192336.931:ERROR:connection_factory_impl.cc(426)] Failed to connect to MCS endpoint with error -106
Nov 25, 2022 19:29:23.294 [10576:4848:1125/192923.294:ERROR:connection_factory_impl.cc(426)] Failed to connect to MCS endpoint with error -106
Nov 25, 2022 20:07:44.828 [10576:4848:1125/200744.828:ERROR:connection_factory_impl.cc(426)] Failed to connect to MCS endpoint with error -105
Nov 25, 2022 20:07:46.430 [10576:4848:1125/200746.430:ERROR:connection_factory_impl.cc(426)] Failed to connect to MCS endpoint with error -106
Nov 25, 2022 20:12:00.343 [10576:24092:1125/201200.343:ERROR:device_event_log_impl.cc(215)] [20:12:00.342] USB: usb_service_win.cc:104 SetupDiGetDeviceProperty({{A45C254E-DF1C-4EFD-8020-67D146A850E0}, 6}) failed: Element not found. (0x490)
Nov 25, 2022 21:23:44.292 [10576:10144:1125/212344.291:ERROR:util.cc(129)] Can't create base directory: C:\Program Files\Google\GoogleUpdater
Nov 25, 2022 22:09:12.308 [9776:25120:1125/220912.308:ERROR:device_event_log_impl.cc(215)] [22:09:12.308] USB: usb_device_handle_win.cc:1048 Failed to read descriptor from node connection: A device attached to the system is not functioning. (0x1F)
Nov 25, 2022 22:09:12.339 [9776:25120:1125/220912.310:ERROR:device_event_log_impl.cc(215)] [22:09:12.310] USB: usb_device_handle_win.cc:1048 Failed to read descriptor from node connection: A device attached to the system is not functioning. (0x1F)
Nov 25, 2022 22:10:09.755 [9776:24164:1125/221009.755:ERROR:util.cc(129)] Can't create base directory: C:\Program Files\Google\GoogleUpdater

Nov 27, 2022 13:47:54.200 NEW SESSION
Nov 27, 2022 13:47:54.200 [19368:748:1127/134754.196:ERROR:device_event_log_impl.cc(215)] [13:47:54.196] USB: usb_device_handle_win.cc:1048 Failed to read descriptor from node connection: A device attached to the system is not functioning. (0x1F)
Nov 27, 2022 13:47:54.294 [19368:748:1127/134754.215:ERROR:device_event_log_impl.cc(215)] [13:47:54.214] USB: usb_device_handle_win.cc:1048 Failed to read descriptor from node connection: A device attached to the system is not functioning. (0x1F)
Nov 27, 2022 13:48:51.758 [19368:5644:1127/134851.757:ERROR:util.cc(129)] Can't create base directory: C:\Program Files\Google\GoogleUpdater
Nov 27, 2022 14:02:28.295 [19368:748:1127/140228.294:ERROR:interface_endpoint_client.cc(690)] Message 0 rejected by interface blink.mojom.WidgetHost
Nov 27, 2022 14:04:04.507 [19368:748:1127/140404.506:ERROR:device_event_log_impl.cc(215)] [14:04:04.506] USB: usb_service_win.cc:104 SetupDiGetDeviceProperty({{A45C254E-DF1C-4EFD-8020-67D146A850E0}, 6}) failed: Element not found. (0x490)
Nov 27, 2022 15:23:19.55 [19368:748:1127/152319.054:ERROR:interface_endpoint_client.cc(690)] Message 1 rejected by interface blink.mojom.WidgetHost
Nov 27, 2022 15:40:37.130 [19368:748:1127/154037.130:ERROR:interface_endpoint_client.cc(690)] Message 1 rejected by interface blink.mojom.WidgetHost
Nov 27, 2022 15:51:48.853 [19368:748:1127/155148.853:ERROR:interface_endpoint_client.cc(690)] Message 1 rejected by interface blink.mojom.WidgetHost
Nov 27, 2022 15:51:48.853 [19368:748:1127/155148.853:ERROR:interface_endpoint_client.cc(690)] Message 1 rejected by interface blink.mojom.WidgetHost
Nov 27, 2022 16:42:09.126 [19368:748:1127/164209.113:ERROR:interface_endpoint_client.cc(690)] Message 1 rejected by interface blink.mojom.WidgetHost
Nov 27, 2022 18:53:26.416 [7616:14092:1127/185326.416:ERROR:device_event_log_impl.cc(215)] [18:53:26.416] USB: usb_device_handle_win.cc:1048 Failed to read descriptor from node connection: A device attached to the system is not functioning. (0x1F)
Nov 27, 2022 18:53:26.427 [7616:14092:1127/185326.418:ERROR:device_event_log_impl.cc(215)] [18:53:26.418] USB: usb_device_handle_win.cc:1048 Failed to read descriptor from node connection: A device attached to the system is not functioning. (0x1F)
Nov 27, 2022 18:54:23.281 [7616:25380:1127/185423.281:ERROR:util.cc(129)] Can't create base directory: C:\Program Files\Google\GoogleUpdater
Nov 27, 2022 19:51:40.615 [7616:14092:1127/195140.615:ERROR:device_event_log_impl.cc(215)] [19:51:40.615] USB: usb_service_win.cc:104 SetupDiGetDeviceProperty({{A45C254E-DF1C-4EFD-8020-67D146A850E0}, 6}) failed: Element not found. (0x490)
Nov 27, 2022 22:05:40.132 [4856:25212:1127/220540.132:ERROR:device_event_log_impl.cc(215)] [22:05:40.132] USB: usb_device_handle_win.cc:1048 Failed to read descriptor from node connection: A device attached to the system is not functioning. (0x1F)
Nov 27, 2022 22:05:40.227 [4856:25212:1127/220540.133:ERROR:device_event_log_impl.cc(215)] [22:05:40.133] USB: usb_device_handle_win.cc:1048 Failed to read descriptor from node connection: A device attached to the system is not functioning. (0x1F)
Nov 27, 2022 22:06:37.317 [4856:21792:1127/220637.316:ERROR:util.cc(129)] Can't create base directory: C:\Program Files\Google\GoogleUpdater

Nov 28, 2022 14:50:01.538 NEW SESSION
Nov 28, 2022 14:50:01.538 [4768:16924:1128/145001.534:ERROR:device_event_log_impl.cc(215)] [14:50:01.534] USB: usb_device_handle_win.cc:1048 Failed to read descriptor from node connection: A device attached to the system is not functioning. (0x1F)
Nov 28, 2022 14:50:01.559 [4768:16924:1128/145001.537:ERROR:device_event_log_impl.cc(215)] [14:50:01.537] USB: usb_device_handle_win.cc:1048 Failed to read descriptor from node connection: A device attached to the system is not functioning. (0x1F)
Nov 28, 2022 14:50:58.948 [4768:22036:1128/145058.948:ERROR:util.cc(129)] Can't create base directory: C:\Program Files\Google\GoogleUpdater

Nov 28, 2022 22:18:01.478 NEW SESSION
Nov 28, 2022 22:18:01.478 [19512:24360:1128/221801.475:ERROR:util.cc(129)] Can't create base directory: C:\Program Files\Google\GoogleUpdater
Nov 28, 2022 22:44:23.91 [19512:12192:1128/224423.091:ERROR:device_event_log_impl.cc(215)] [22:44:23.091] USB: usb_service_win.cc:104 SetupDiGetDeviceProperty({{A45C254E-DF1C-4EFD-8020-67D146A850E0}, 6}) failed: Element not found. (0x490)

Nov 29, 2022 17:01:51.15 NEW SESSION
Nov 29, 2022 17:01:51.15 [25568:16140:1129/170151.013:ERROR:device_event_log_impl.cc(215)] [17:01:51.013] USB: usb_device_handle_win.cc:1048 Failed to read descriptor from node connection: A device attached to the system is not functioning. (0x1F)
Nov 29, 2022 17:01:51.75 [25568:16140:1129/170151.015:ERROR:device_event_log_impl.cc(215)] [17:01:51.015] USB: usb_device_handle_win.cc:1048 Failed to read descriptor from node connection: A device attached to the system is not functioning. (0x1F)
Nov 29, 2022 17:02:48.502 [25568:12680:1129/170248.501:ERROR:util.cc(129)] Can't create base directory: C:\Program Files\Google\GoogleUpdater
Nov 29, 2022 18:23:29.962 [25568:5456:1129/182329.961:ERROR:connection_factory_impl.cc(426)] Failed to connect to MCS endpoint with error -7

Dec 01, 2022 16:05:27.332 NEW SESSION
Dec 01, 2022 16:05:27.333 [1760:16220:1201/160527.331:ERROR:device_event_log_impl.cc(215)] [16:05:27.331] USB: usb_device_handle_win.cc:1048 Failed to read descriptor from node connection: A device attached to the system is not functioning. (0x1F)
Dec 01, 2022 16:05:27.460 [1760:16220:1201/160527.333:ERROR:device_event_log_impl.cc(215)] [16:05:27.332] USB: usb_device_handle_win.cc:1048 Failed to read descriptor from node connection: A device attached to the system is not functioning. (0x1F)
Dec 01, 2022 16:06:24.897 [1760:1344:1201/160624.896:ERROR:util.cc(129)] Can't create base directory: C:\Program Files\Google\GoogleUpdater
Dec 01, 2022 16:33:38.673 [7192:3676:1201/163338.672:ERROR:device_event_log_impl.cc(215)] [16:33:38.672] USB: usb_device_handle_win.cc:1048 Failed to read descriptor from node connection: A device attached to the system is not functioning. (0x1F)
Dec 01, 2022 16:33:38.674 [7192:3676:1201/163338.674:ERROR:device_event_log_impl.cc(215)] [16:33:38.673] USB: usb_device_handle_win.cc:1048 Failed to read descriptor from node connection: A device attached to the system is not functioning. (0x1F)
Dec 01, 2022 16:34:36.254 [7192:296:1201/163436.254:ERROR:util.cc(129)] Can't create base directory: C:\Program Files\Google\GoogleUpdater
Dec 01, 2022 17:25:31.25 [7192:17192:1201/172531.025:ERROR:connection_factory_impl.cc(426)] Failed to connect to MCS endpoint with error -105
Dec 01, 2022 18:20:52.98 [7192:17192:1201/182052.097:ERROR:connection_factory_impl.cc(426)] Failed to connect to MCS endpoint with error -106

Dec 02, 2022 23:53:08.544 NEW SESSION
Dec 02, 2022 23:53:08.544 [17604:11560:1202/235308.542:ERROR:device_event_log_impl.cc(215)] [23:53:08.542] USB: usb_device_handle_win.cc:1045 Failed to read descriptor from node connection: A device attached to the system is not functioning. (0x1F)
Dec 02, 2022 23:53:08.546 [17604:11560:1202/235308.546:ERROR:device_event_log_impl.cc(215)] [23:53:08.545] USB: usb_device_handle_win.cc:1045 Failed to read descriptor from node connection: A device attached to the system is not functioning. (0x1F)
Dec 02, 2022 23:54:06.240 [17604:14860:1202/235406.240:ERROR:util.cc(133)] Can't create base directory: C:\Program Files\Google\GoogleUpdater
Dec 02, 2022 23:58:07.669 [17604:5972:1202/235807.669:ERROR:connection_factory_impl.cc(472)] ConnectionHandler failed with net error: -2

Dec 04, 2022 15:00:57.723 NEW SESSION
Dec 04, 2022 15:00:57.724 [9904:568:1204/150057.714:ERROR:device_event_log_impl.cc(215)] [15:00:57.714] USB: usb_device_handle_win.cc:1045 Failed to read descriptor from node connection: A device attached to the system is not functioning. (0x1F)
Dec 04, 2022 15:00:57.730 [9904:568:1204/150057.719:ERROR:device_event_log_impl.cc(215)] [15:00:57.719] USB: usb_device_handle_win.cc:1045 Failed to read descriptor from node connection: A device attached to the system is not functioning. (0x1F)
Dec 04, 2022 15:01:54.934 [9904:8056:1204/150154.933:ERROR:util.cc(133)] Can't create base directory: C:\Program Files\Google\GoogleUpdater

Dec 05, 2022 16:17:38.05 NEW SESSION
Dec 05, 2022 16:17:38.06 [15860:9836:1205/161737.990:ERROR:device_event_log_impl.cc(215)] [16:17:37.989] USB: usb_device_handle_win.cc:1045 Failed to read descriptor from node connection: A device attached to the system is not functioning. (0x1F)
Dec 05, 2022 16:17:38.94 [15860:9836:1205/161737.994:ERROR:device_event_log_impl.cc(215)] [16:17:37.994] USB: usb_device_handle_win.cc:1045 Failed to read descriptor from node connection: A device attached to the system is not functioning. (0x1F)

Dec 06, 2022 15:35:45.884 NEW SESSION
Dec 06, 2022 15:35:45.884 [17020:6764:1206/153545.880:ERROR:device_event_log_impl.cc(215)] [15:35:45.881] USB: usb_device_handle_win.cc:1045 Failed to read descriptor from node connection: A device attached to the system is not functioning. (0x1F)
Dec 06, 2022 15:35:45.902 [17020:6764:1206/153545.882:ERROR:device_event_log_impl.cc(215)] [15:35:45.883] USB: usb_device_handle_win.cc:1045 Failed to read descriptor from node connection: A device attached to the system is not functioning. (0x1F)
Dec 06, 2022 15:36:42.522 [17020:6504:1206/153642.521:ERROR:util.cc(133)] Can't create base directory: C:\Program Files\Google\GoogleUpdater

Dec 06, 2022 20:32:05.619 NEW SESSION
Dec 06, 2022 20:32:05.619 [15772:14548:1206/203205.617:ERROR:device_event_log_impl.cc(215)] [20:32:05.616] USB: usb_device_handle_win.cc:1045 Failed to read descriptor from node connection: A device attached to the system is not functioning. (0x1F)
Dec 06, 2022 20:32:05.620 [15772:14548:1206/203205.618:ERROR:device_event_log_impl.cc(215)] [20:32:05.617] USB: usb_device_handle_win.cc:1045 Failed to read descriptor from node connection: A device attached to the system is not functioning. (0x1F)
Dec 06, 2022 20:33:02.704 [15772:7140:1206/203302.704:ERROR:util.cc(133)] Can't create base directory: C:\Program Files\Google\GoogleUpdater
